e:\young\project\liscommunication\liscommunication\debug\liscommunication.obj
e:\young\project\liscommunication\liscommunication\debug\qrc_liscommunication.obj
e:\young\project\liscommunication\liscommunication\debug\moc_liscommunication.obj
e:\young\project\liscommunication\liscommunication\debug\moc_lisserialconnect.obj
e:\young\project\liscommunication\liscommunication\debug\lisdef.obj
e:\young\project\liscommunication\liscommunication\debug\main.obj
e:\young\project\liscommunication\liscommunication\debug\lisastmprotocol.obj
e:\young\project\liscommunication\liscommunication\debug\listcpconnect.obj
e:\young\project\liscommunication\liscommunication\debug\moc_lisprotocol.obj
e:\young\project\liscommunication\liscommunication\debug\moc_listcpconnect.obj
e:\young\project\liscommunication\liscommunication\debug\lishl7protocol.obj
e:\young\project\liscommunication\liscommunication\debug\moc_lishl7protocol.obj
e:\young\project\liscommunication\liscommunication\debug\lisconnect.obj
e:\young\project\liscommunication\liscommunication\debug\lisserialconnect.obj
e:\young\project\liscommunication\liscommunication\debug\moc_lisastmprotocol.obj
e:\young\project\liscommunication\liscommunication\debug\lisdata.obj
e:\young\project\liscommunication\liscommunication\debug\lisprotocol.obj
e:\young\project\liscommunication\liscommunication\debug\moc_lisconnect.obj
e:\young\project\liscommunication\liscommunication\debug\vc140.pdb
e:\young\project\liscommunication\debug\liscommunication.ilk
e:\young\project\liscommunication\debug\liscommunication.exe
e:\young\project\liscommunication\debug\liscommunication.pdb
e:\young\project\liscommunication\liscommunication\generatedfiles\ui_liscommunication.h
e:\young\project\liscommunication\liscommunication\generatedfiles\qrc_liscommunication.cpp
e:\young\project\liscommunication\liscommunication\generatedfiles\debug\moc_liscommunication.cpp
e:\young\project\liscommunication\liscommunication\generatedfiles\debug\moc_lisconnect.cpp
e:\young\project\liscommunication\liscommunication\generatedfiles\debug\moc_lisastmprotocol.cpp
e:\young\project\liscommunication\liscommunication\generatedfiles\debug\moc_lishl7protocol.cpp
e:\young\project\liscommunication\liscommunication\generatedfiles\debug\moc_lisprotocol.cpp
e:\young\project\liscommunication\liscommunication\generatedfiles\debug\moc_lisserialconnect.cpp
e:\young\project\liscommunication\liscommunication\generatedfiles\debug\moc_listcpconnect.cpp
e:\young\project\liscommunication\liscommunication\debug\liscommunication.tlog\cl.command.1.tlog
e:\young\project\liscommunication\liscommunication\debug\liscommunication.tlog\cl.read.1.tlog
e:\young\project\liscommunication\liscommunication\debug\liscommunication.tlog\cl.write.1.tlog
e:\young\project\liscommunication\liscommunication\debug\liscommunication.tlog\link.command.1.tlog
e:\young\project\liscommunication\liscommunication\debug\liscommunication.tlog\link.read.1.tlog
e:\young\project\liscommunication\liscommunication\debug\liscommunication.tlog\link.write.1.tlog
e:\young\project\liscommunication\liscommunication\debug\liscommunication.tlog\liscommunication.write.1u.tlog
e:\young\project\liscommunication\liscommunication\debug\liscommunication.tlog\moc.read.1u.tlog
e:\young\project\liscommunication\liscommunication\debug\liscommunication.tlog\moc.write.1u.tlog
e:\young\project\liscommunication\liscommunication\debug\liscommunication.tlog\rcc.read.1u.tlog
e:\young\project\liscommunication\liscommunication\debug\liscommunication.tlog\rcc.write.1u.tlog
e:\young\project\liscommunication\liscommunication\debug\liscommunication.tlog\uic.read.1u.tlog
e:\young\project\liscommunication\liscommunication\debug\liscommunication.tlog\uic.write.1u.tlog
